 roex3 : ( analytical integration)
 No threshold correction used
 Maximum allowed shift =   0.15

 ' The Boss 800 Hz 77 dB overall no correction'              
   sum of squares =    31.6

 Noise spectrum level = 49.0  cf =   800.0 Hz
 pl = 19.8 pu = 33.8 r = -58.4dB  k(dB) =  8.6 erb = 0.160( = 128.0 Hz)

 The erb  0.160 is calc with integration limits low side: 1.00 high side: 1.00
      lower     upper     data      calc      resid     shift     gain(dB)
       0.00      0.00     76.20     78.69     -2.49      0.00      0.00
       0.10      0.10     73.30     71.72      1.58      0.01      0.12
       0.20      0.20     66.30     63.88      2.42      0.02      0.55
       0.30      0.30     56.50     56.00      0.50      0.04      0.90
       0.40      0.40     49.50     48.25      1.25      0.05      0.98
       0.50      0.50     41.00     40.76      0.24      0.05      0.78
       0.60      0.60     34.80     34.01      0.79      0.03      0.37
       0.30      0.50     54.50     55.23     -0.73      0.09      1.61
       0.40      0.60     47.30     47.99     -0.69      0.07      1.23
       0.50      0.70     39.50     40.72     -1.22      0.05      0.82
       0.60      0.80     32.80     34.01     -1.21      0.03      0.37
       0.50      0.30     42.00     43.14     -1.14     -0.00      0.04
       0.60      0.40     34.20     34.78     -0.58      0.00      0.02
       0.70      0.50     31.80     29.14      2.66      0.01      0.03
       0.80      0.60     25.20     26.58     -1.38      0.00      0.00
          -------------------------

 roex3 : ( numerical integration)
 Correction file : elc                                     
 Maximum allowed shift =   0.15

 ' The Boss 800 Hz 77 dB overall elc correction'             
   sum of squares =   110.7

 Noise spectrum level = 49.0  cf =   800.0 Hz
 pl = 18.7 pu = 23.1 r =-126.9dB  k(dB) =  4.8 erb = 0.194( = 155.0 Hz)

 The erb  0.194 is calc with integration limits low side: 1.00 high side: 1.00
      lower     upper     data      calc      resid     shift     gain(dB)
       0.00      0.00     76.20     75.86      0.34      0.00      0.00
       0.10      0.10     73.30     70.29      3.01      0.00      0.01
       0.20      0.20     66.30     63.61      2.69      0.01      0.06
       0.30      0.30     56.50     56.57     -0.07      0.01      0.13
       0.40      0.40     49.50     49.33      0.17      0.01      0.20
       0.50      0.50     41.00     41.79     -0.79      0.02      0.22
       0.60      0.60     34.80     33.73      1.07      0.02      0.20
       0.30      0.50     54.50     54.65     -0.15      0.07      1.30
       0.40      0.60     47.30     47.93     -0.63      0.06      1.11
       0.50      0.70     39.50     40.80     -1.30      0.05      0.87
       0.60      0.80     32.80     33.02     -0.22      0.04      0.64
       0.50      0.30     42.00     47.96     -5.96     -0.04      1.56
       0.60      0.40     34.20     39.21     -5.01     -0.04      1.60
       0.70      0.50     31.80     30.11      1.69     -0.04      1.74
       0.80      0.60     25.20     20.02      5.18     -0.04      2.45
          -------------------------

 roex3 : ( numerical integration)
 Correction file : elc                                     
 Maximum allowed shift =   0.15

 ' Impaired subject 800 Hz no shift allowed, max pl/pu 40'   
   sum of squares =    21.0

 Noise spectrum level = 49.0  cf =   800.0 Hz
 pl = 40.0 pu = 14.4 r = -23.9dB  k(dB) =  5.7 erb = 0.201( = 160.4 Hz)

 The erb  0.201 is calc with integration limits low side: 1.00 high side: 2.00
      lower     upper     data      calc      resid     shift     gain(dB)
       0.00      0.00     77.00     76.54      0.46      0.00      0.00
       0.10      0.10     70.40     71.05     -0.65     -0.03      0.67
       0.20      0.20     65.90     65.78      0.12     -0.06      1.61
       0.30      0.30     62.00     62.81     -0.81     -0.05      0.97
       0.40      0.40     61.00     61.08     -0.08     -0.03      0.29
       0.50      0.50     59.80     59.93     -0.13     -0.01      0.06
       0.60      0.60     59.60     59.02      0.58     -0.00      0.01
       0.30      0.50     62.40     60.45      1.95     -0.01      0.04
       0.40      0.60     62.40     60.07      2.33     -0.00      0.01
       0.50      0.70     59.50     59.69     -0.19     -0.00      0.00
       0.60      0.80     57.50     59.17     -1.67     -0.00      0.00
       0.50      0.30     63.00     62.44      0.56     -0.06      1.11
       0.60      0.40     60.50     60.21      0.29     -0.03      0.41
       0.70      0.50     58.50     58.62     -0.12     -0.01      0.10
       0.80      0.60     55.00     57.63     -2.63     -0.01      0.02
          -------------------------

