 roexpr : ( analytical integration)
 No threshold correction used
 Maximum allowed shift =   0.15

 'Lima 50 dB Symm 500 Hz'                                    
   sum of squares =    52.3

 Noise spectrum level = 50.0  cf =   500.0 Hz
 p = 15.1 r =  -85.2 k(dB) = -1.1 erb = 0.265( = 132.4 Hz)

 The erb  0.265 is calc with integration limits low side: 1.00 high side: 1.00
      lower     upper     data      calc      resid     shift     gain(dB)
       0.00      0.00     67.19     70.12     -2.93      0.00      0.00
       0.05      0.05     65.88     68.23     -2.35     -0.00      0.01
       0.10      0.10     66.47     66.00      0.47     -0.00      0.01
       0.20      0.20     63.46     60.98      2.48     -0.01      0.03
       0.30      0.30     59.10     55.54      3.56     -0.01      0.06
       0.50      0.50     47.09     43.97      3.12     -0.01      0.16
       0.60      0.60     37.49     37.98     -0.49     -0.02      0.23
       0.65      0.65     32.09     34.94     -2.85     -0.02      0.27
       0.80      0.80     24.58     25.58     -1.00     -0.02      0.43
          -------------------------

 roexpr : ( analytical integration)
 No threshold correction used
 Maximum allowed shift =   0.15

 'Lima 50 dB Symm 1000 Hz'                                   
   sum of squares =   186.3

 Noise spectrum level = 50.0  cf =  1000.0 Hz
 p = 16.1 r = -134.5 k(dB) = -5.4 erb = 0.249( = 249.0 Hz)

 The erb  0.249 is calc with integration limits low side: 1.00 high side: 1.00
      lower     upper     data      calc      resid     shift     gain(dB)
       0.00      0.00     71.78     68.51      3.27      0.00      0.00
       0.05      0.05     65.54     66.48     -0.94     -0.00      0.01
       0.10      0.10     60.28     64.08     -3.80     -0.00      0.02
       0.20      0.20     55.96     58.68     -2.72     -0.01      0.05
       0.30      0.30     51.87     52.83     -0.96     -0.01      0.09
       0.50      0.50     43.69     40.42      3.27     -0.02      0.23
       0.60      0.60     40.40     33.99      6.41     -0.02      0.32
       0.65      0.65     35.18     30.73      4.45     -0.02      0.38
       0.80      0.80     11.75     20.72     -8.97     -0.03      0.60
          -------------------------

 roexpr : ( analytical integration)
 No threshold correction used
 Maximum allowed shift =   0.15

 'Lima 50 dB Symm 1414 Hz'                                   
   sum of squares =    39.2

 Noise spectrum level = 50.0  cf =  1414.0 Hz
 p = 13.7 r = -151.6 k(dB) = -8.1 erb = 0.292( = 413.4 Hz)

 The erb  0.292 is calc with integration limits low side: 1.00 high side: 1.00
      lower     upper     data      calc      resid     shift     gain(dB)
       0.00      0.00     68.74     68.01      0.73      0.00      0.00
       0.05      0.05     68.20     66.32      1.88     -0.01      0.01
       0.10      0.10     61.99     64.33     -2.34     -0.01      0.02
       0.20      0.20     56.85     59.85     -3.00     -0.01      0.06
       0.30      0.30     55.45     54.96      0.49     -0.01      0.11
       0.50      0.50     47.25     44.53      2.72     -0.02      0.26
       0.60      0.60     40.00     39.11      0.89     -0.02      0.37
       0.65      0.65     38.04     36.34      1.70     -0.03      0.44
       0.80      0.80     24.69     27.76     -3.07     -0.03      0.71
          -------------------------

 roexpr : ( analytical integration)
 No threshold correction used
 Maximum allowed shift =   0.15

 'Lima 50 dB Symm 2000 Hz'                                   
   sum of squares =    37.6

 Noise spectrum level = 50.0  cf =  2000.0 Hz
 p = 11.9 r = -133.4 k(dB) = -5.6 erb = 0.337( = 673.3 Hz)

 The erb  0.337 is calc with integration limits low side: 1.00 high side: 1.00
      lower     upper     data      calc      resid     shift     gain(dB)
       0.00      0.00     72.31     72.52     -0.21      0.00      0.00
       0.05      0.05     72.64     71.07      1.57     -0.01      0.02
       0.10      0.10     67.19     69.39     -2.20     -0.01      0.03
       0.20      0.20     63.12     65.58     -2.46     -0.01      0.06
       0.30      0.30     63.10     61.42      1.68     -0.02      0.12
       0.50      0.50     54.99     52.48      2.51     -0.03      0.29
       0.60      0.60     48.61     47.81      0.80     -0.03      0.42
       0.65      0.65     47.10     45.41      1.69     -0.03      0.49
       0.80      0.80     34.48     37.87     -3.39     -0.04      0.81
          -------------------------

 roexpr : ( analytical integration)
 No threshold correction used
 Maximum allowed shift =   0.15

 'Lima 50 dB Symm 2828 Hz'                                   
   sum of squares =    69.4

 Noise spectrum level = 50.0  cf =  2828.0 Hz
 p = 11.4 r = -139.8 k(dB) = -8.8 erb = 0.350( = 989.7 Hz)

 The erb  0.350 is calc with integration limits low side: 1.00 high side: 1.00
      lower     upper     data      calc      resid     shift     gain(dB)
       0.00      0.00     76.20     71.04      5.16      0.00      0.00
       0.05      0.05     66.48     69.65     -3.17     -0.01      0.02
       0.10      0.10     66.83     68.05     -1.22     -0.01      0.03
       0.20      0.20     63.45     64.41     -0.96     -0.01      0.07
       0.30      0.30     58.30     60.42     -2.12     -0.02      0.13
       0.50      0.50     51.31     51.85     -0.54     -0.03      0.32
       0.60      0.60     50.79     47.36      3.43     -0.03      0.45
       0.65      0.65     47.35     45.04      2.31     -0.04      0.53
       0.80      0.80     34.86     37.76     -2.90     -0.05      0.87
          -------------------------

 roexpr : ( analytical integration)
 No threshold correction used
 Maximum allowed shift =   0.15

 'Lima 50 dB Symm 4000 Hz'                                   
   sum of squares =    42.8

 Noise spectrum level = 50.0  cf =  4000.0 Hz
 p = 11.7 r =  -87.0 k(dB) = -4.9 erb = 0.343( =1371.2 Hz)

 The erb  0.343 is calc with integration limits low side: 1.00 high side: 1.00
      lower     upper     data      calc      resid     shift     gain(dB)
       0.00      0.00     76.77     76.34      0.43      0.00      0.00
       0.05      0.05     75.32     74.92      0.40     -0.01      0.02
       0.10      0.10     73.83     73.27      0.56     -0.01      0.03
       0.20      0.20     69.46     69.54     -0.08     -0.01      0.07
       0.30      0.30     63.11     65.45     -2.34     -0.02      0.13
       0.50      0.50     53.69     56.67     -2.98     -0.03      0.33
       0.60      0.60     54.60     52.07      2.53     -0.03      0.47
       0.65      0.65     53.63     49.71      3.92     -0.04      0.55
       0.80      0.80     39.83     42.27     -2.44     -0.05      0.91
          -------------------------

 roexpr : ( analytical integration)
 No threshold correction used
 Maximum allowed shift =   0.15

 'Lima 50 dB Symm 8000 Hz'                                   
   sum of squares =   121.3

 Noise spectrum level = 50.0  cf =  8000.0 Hz
 p =  9.6 r = -106.4 k(dB) = -9.0 erb = 0.418( =3347.1 Hz)

 The erb  0.418 is calc with integration limits low side: 1.00 high side: 1.00
      lower     upper     data      calc      resid     shift     gain(dB)
       0.00      0.00     82.06     76.00      6.06      0.00      0.00
       0.05      0.05     73.93     74.87     -0.94     -0.01      0.02
       0.10      0.10     67.19     73.57     -6.38     -0.01      0.04
       0.20      0.20     68.16     70.63     -2.47     -0.02      0.08
       0.30      0.30     67.89     67.38      0.51     -0.02      0.15
       0.50      0.50     64.54     60.32      4.22     -0.04      0.36
       0.60      0.60     58.30     56.61      1.69     -0.04      0.51
       0.65      0.65     55.80     54.66      1.14     -0.05      0.60
       0.80      0.80     44.59     48.42     -3.83     -0.06      1.02
          -------------------------

 roexpr : ( analytical integration)
 No threshold correction used
 Maximum allowed shift =   0.15

 'Lima 50 dB Symm 16000 Hz'                                  
   sum of squares =    50.5

 Noise spectrum level = 50.0  cf = 16000.0 Hz
 p = 19.5 r =  -65.5 k(dB) = -4.5 erb = 0.205( =3285.9 Hz)

 The erb  0.205 is calc with integration limits low side: 1.00 high side: 1.00
      lower     upper     data      calc      resid     shift     gain(dB)
       0.00      0.00     79.65     80.69     -1.04      0.00      0.00
       0.05      0.05     74.85     78.17     -3.32     -0.00      0.01
       0.10      0.10     74.51     75.16     -0.65     -0.00      0.02
       0.20      0.20     73.30     68.40      4.90     -0.01      0.06
       0.30      0.30     64.20     61.12      3.08     -0.01      0.13
       0.50      0.50     43.98     45.77     -1.79     -0.02      0.33
       0.60      0.60     36.75     37.92     -1.17     -0.02      0.46
       0.65      0.65     33.97     34.03     -0.06     -0.02      0.52
       0.80      0.80     24.00     23.95      0.05     -0.02      0.39
          -------------------------

 roexpr : ( analytical integration)
 No threshold correction used
 Maximum allowed shift =   0.15

 'Lima 50 dB Symm 32000 Hz'                                  
   sum of squares =     0.8

 Noise spectrum level = 50.0  cf = 32000.0 Hz
 p = 63.2 r =  -14.7 k(dB) =  0.1 erb = 0.129( =4124.3 Hz)

 The erb  0.129 is calc with integration limits low side: 1.00 high side: 1.00
      lower     upper     data      calc      resid     shift     gain(dB)
       0.00      0.00     84.67     84.65      0.02      0.00      0.00
       0.05      0.05     80.35     80.48     -0.13     -0.00      0.00
       0.10      0.10     80.27     79.59      0.68     -0.00      0.00
       0.20      0.20     78.94     79.52     -0.58     -0.00      0.00
          -------------------------

 roexpr : ( analytical integration)
 No threshold correction used
 Maximum allowed shift =   0.15

 'Deaf Lima 50 dB Symm 500 Hz'                               
   sum of squares =    31.9

 Noise spectrum level = 50.0  cf =   500.0 Hz
 p = 16.6 r =  -53.9 k(dB) = -5.1 erb = 0.241( = 120.3 Hz)

 The erb  0.241 is calc with integration limits low side: 1.00 high side: 1.00
      lower     upper     data      calc      resid     shift     gain(dB)
       0.00      0.00     68.94     65.69      3.25      0.00      0.00
       0.05      0.05     63.70     63.59      0.11     -0.00      0.01
       0.10      0.10     58.47     61.09     -2.62     -0.00      0.01
       0.20      0.20     54.33     55.48     -1.15     -0.01      0.03
       0.30      0.30     48.00     49.42     -1.42     -0.01      0.06
       0.50      0.50     38.91     36.62      2.29     -0.01      0.16
       0.60      0.60     31.51     30.17      1.34     -0.01      0.21
       0.65      0.65     25.03     27.03     -2.00     -0.02      0.23
       0.80      0.80     19.33     19.14      0.19     -0.01      0.15
          -------------------------

 roexpr : ( analytical integration)
 No threshold correction used
 Maximum allowed shift =   0.15

 'Deaf Lima 50 dB Symm 1000 Hz'                              
   sum of squares =    34.5

 Noise spectrum level = 50.0  cf =  1000.0 Hz
 p = 16.2 r = -101.2 k(dB) = -5.9 erb = 0.246( = 246.4 Hz)

 The erb  0.246 is calc with integration limits low side: 1.00 high side: 1.00
      lower     upper     data      calc      resid     shift     gain(dB)
       0.00      0.00     67.25     67.94     -0.69      0.00      0.00
       0.05      0.05     66.31     65.89      0.42     -0.00      0.01
       0.10      0.10     61.31     63.46     -2.15     -0.00      0.02
       0.20      0.20     57.95     58.00     -0.05     -0.01      0.05
       0.30      0.30     53.23     52.08      1.15     -0.01      0.09
       0.50      0.50     41.24     39.52      1.72     -0.02      0.23
       0.60      0.60     34.85     33.02      1.83     -0.02      0.32
       0.65      0.65     31.70     29.73      1.97     -0.02      0.38
       0.80      0.80     15.40     19.60     -4.20     -0.03      0.60
          -------------------------

 roexpr : ( analytical integration)
 No threshold correction used
 Maximum allowed shift =   0.15

 'Deaf Lima 50 dB Symm 1414 Hz'                              
   sum of squares =    48.3

 Noise spectrum level = 50.0  cf =  1414.0 Hz
 p = 12.7 r = -123.2 k(dB) = -0.5 erb = 0.314( = 444.6 Hz)

 The erb  0.314 is calc with integration limits low side: 1.00 high side: 1.00
      lower     upper     data      calc      resid     shift     gain(dB)
       0.00      0.00     74.56     75.90     -1.34      0.00      0.00
       0.05      0.05     73.30     74.34     -1.04     -0.01      0.01
       0.10      0.10     72.86     72.51      0.35     -0.01      0.02
       0.20      0.20     68.44     68.39      0.05     -0.01      0.06
       0.30      0.30     63.47     63.90     -0.43     -0.01      0.11
       0.50      0.50     57.78     54.27      3.51     -0.02      0.27
       0.60      0.60     51.71     49.25      2.46     -0.03      0.38
       0.65      0.65     48.11     46.69      1.42     -0.03      0.44
       0.80      0.80     33.70     38.68     -4.98     -0.04      0.73
          -------------------------

 roexpr : ( analytical integration)
 No threshold correction used
 Maximum allowed shift =   0.15

 'Deaf Lima 50 dB Symm 2000 Hz'                              
   sum of squares =    11.2

 Noise spectrum level = 50.0  cf =  2000.0 Hz
 p =  8.5 r =  -93.8 k(dB) = -6.2 erb = 0.469( = 937.8 Hz)

 The erb  0.469 is calc with integration limits low side: 1.00 high side: 1.00
      lower     upper     data      calc      resid     shift     gain(dB)
       0.00      0.00     72.53     73.07     -0.54      0.00      0.00
       0.05      0.05     71.61     72.09     -0.48     -0.01      0.02
       0.10      0.10     70.02     70.96     -0.94     -0.01      0.03
       0.20      0.20     69.11     68.40      0.71     -0.02      0.07
       0.30      0.30     66.76     65.56      1.20     -0.02      0.13
       0.50      0.50     59.65     59.39      0.26     -0.04      0.31
       0.60      0.60     56.78     56.13      0.65     -0.04      0.43
       0.65      0.65     55.84     54.40      1.44     -0.05      0.52
       0.80      0.80     46.50     48.79     -2.29     -0.06      0.91
          -------------------------

 roexpr : ( analytical integration)
 No threshold correction used
 Maximum allowed shift =   0.15

 'Deaf Lima 50 dB Symm 2828 Hz'                              
   sum of squares =    20.4

 Noise spectrum level = 50.0  cf =  2828.0 Hz
 p =  7.3 r = -106.4 k(dB) = -8.8 erb = 0.549( =1551.3 Hz)

 The erb  0.549 is calc with integration limits low side: 1.00 high side: 1.00
      lower     upper     data      calc      resid     shift     gain(dB)
       0.00      0.00     73.37     72.49      0.88      0.00      0.00
       0.05      0.05     71.77     71.67      0.10     -0.02      0.03
       0.10      0.10     68.46     70.75     -2.29     -0.02      0.04
       0.20      0.20     69.16     68.63      0.53     -0.02      0.08
       0.30      0.30     65.45     66.28     -0.83     -0.03      0.14
       0.50      0.50     62.86     61.12      1.74     -0.05      0.34
       0.60      0.60     59.69     58.37      1.32     -0.05      0.47
       0.65      0.65     58.10     56.87      1.23     -0.06      0.57
       0.80      0.80     49.26     51.92     -2.66     -0.08      1.02
          -------------------------

 roexpr : ( analytical integration)
 No threshold correction used
 Maximum allowed shift =   0.15

 'Deaf Lima 50 dB Symm 4000 Hz'                              
   sum of squares =    15.6

 Noise spectrum level = 50.0  cf =  4000.0 Hz
 p =  4.9 r =  -74.6 k(dB) =-10.5 erb = 0.789( =3154.3 Hz)

 The erb  0.789 is calc with integration limits low side: 1.00 high side: 1.00
      lower     upper     data      calc      resid     shift     gain(dB)
       0.00      0.00     74.46     73.22      1.24      0.00      0.00
       0.05      0.05     71.20     72.71     -1.51     -0.03      0.03
       0.10      0.10     72.63     72.14      0.49     -0.03      0.05
       0.20      0.20     71.19     70.84      0.35     -0.04      0.09
       0.30      0.30     68.34     69.36     -1.02     -0.05      0.16
       0.50      0.50     64.49     66.04     -1.55     -0.07      0.36
       0.60      0.60     66.31     64.24      2.07     -0.08      0.50
       0.65      0.65     64.48     63.15      1.33     -0.09      0.62
       0.80      0.80     57.98     59.38     -1.40     -0.12      1.18
          -------------------------

 roexpr : ( analytical integration)
 No threshold correction used
 Maximum allowed shift =   0.15

 'Deaf Lima 50 dB Symm 8000 Hz'                              
   sum of squares =    31.3

 Noise spectrum level = 50.0  cf =  8000.0 Hz
 p =  9.2 r =  -14.1 k(dB) = -8.2 erb = 0.495( =3961.9 Hz)

 The erb  0.495 is calc with integration limits low side: 1.00 high side: 1.00
      lower     upper     data      calc      resid     shift     gain(dB)
       0.00      0.00     76.98     77.03     -0.05      0.00      0.00
       0.05      0.05     77.26     76.04      1.22     -0.01      0.02
       0.10      0.10     74.26     74.93     -0.67     -0.01      0.03
       0.20      0.20     69.56     72.57     -3.01     -0.02      0.06
       0.30      0.30     73.94     70.33      3.61     -0.02      0.08
       0.50      0.50     66.28     67.25     -0.97     -0.01      0.04
       0.60      0.60     66.40     66.51     -0.11     -0.01      0.02
       0.65      0.65     64.25     66.03     -1.78     -0.01      0.01
       0.80      0.80     66.48     64.71      1.77     -0.00      0.00
          -------------------------

 roexpr : ( analytical integration)
 No threshold correction used
 Maximum allowed shift =   0.15

 'Deaf Lima 50 dB Symm 16000 Hz'                             
   sum of squares =    87.3

 Noise spectrum level = 50.0  cf = 16000.0 Hz
 p = 20.2 r =  -63.0 k(dB) = -4.0 erb = 0.198( =3171.0 Hz)

 The erb  0.198 is calc with integration limits low side: 1.00 high side: 1.00
      lower     upper     data      calc      resid     shift     gain(dB)
       0.00      0.00     81.64     80.97      0.67      0.00      0.00
       0.05      0.05     81.99     78.36      3.63     -0.00      0.01
       0.10      0.10     74.12     75.22     -1.10     -0.00      0.02
       0.20      0.20     68.82     68.18      0.64     -0.01      0.06
       0.30      0.30     53.11     60.61     -7.50     -0.01      0.13
       0.50      0.50     46.29     44.68      1.61     -0.02      0.32
       0.60      0.60     40.07     36.66      3.41     -0.02      0.43
       0.65      0.65     31.59     32.84     -1.25     -0.02      0.45
       0.80      0.80     24.48     24.59     -0.11     -0.01      0.14
          -------------------------

 roexpr : ( analytical integration)
 No threshold correction used
 Maximum allowed shift =   0.15

 'Deaf Lima 50 dB Symm 32000 Hz'                             
   sum of squares =     0.4

 Noise spectrum level = 50.0  cf = 32000.0 Hz
 p = 30.6 r =  -14.7 k(dB) = -2.4 erb = 0.193( =6189.5 Hz)

 The erb  0.193 is calc with integration limits low side: 1.00 high side: 1.00
      lower     upper     data      calc      resid     shift     gain(dB)
       0.00      0.00     84.31     84.50     -0.19      0.00      0.00
       0.05      0.05     81.87     81.41      0.46     -0.00      0.00
       0.10      0.10     78.46     78.86     -0.40     -0.00      0.00
       0.20      0.20     77.25     77.12      0.13     -0.00      0.00
          -------------------------

