 roex3 : ( analytical integration)
 No threshold correction used
 Maximum allowed shift =   0.15

 ' The Boss 800 Hz 77 dB overall no correction'
   sum of squares =    31.6

 Noise spectrum level = 49.0  cf=   800.0 Hz
 pl = 19.8 pu = 33.8 r = -58.4B k(dB) =  8.6 erb = 0.160( = 128.0 Hz)

 The erb  0.160 is calc with integration limits low side: 1.00 high side: 1.00
 	lower	upper	data	calc	resid	shift	gain(dB)
 	      0.00	      0.00	     76.20	     78.69	     -2.49	      0.00	      0.00
 	      0.10	      0.10	     73.30	     71.72	      1.58	      0.00	      0.12
 	      0.20	      0.20	     66.30	     63.88	      2.42	      0.00	      0.55
 	      0.30	      0.30	     56.50	     56.00	      0.50	      0.00	      0.90
 	      0.40	      0.40	     49.50	     48.25	      1.25	      0.00	      0.98
 	      0.50	      0.50	     41.00	     40.76	      0.24	      0.00	      0.78
 	      0.60	      0.60	     34.80	     34.01	      0.79	      0.00	      0.37
 	      0.30	      0.50	     54.50	     55.23	     -0.73	      0.00	      1.61
 	      0.40	      0.60	     47.30	     47.99	     -0.69	      0.00	      1.23
 	      0.50	      0.70	     39.50	     40.72	     -1.22	      0.00	      0.82
 	      0.60	      0.80	     32.80	     34.01	     -1.21	      0.00	      0.37
 	      0.50	      0.30	     42.00	     43.14	     -1.14	      0.00	      0.04
 	      0.60	      0.40	     34.20	     34.78	     -0.58	      0.00	      0.02
 	      0.70	      0.50	     31.80	     29.14	      2.66	      0.00	      0.03
 	      0.80	      0.60	     25.20	     26.58	     -1.38	      0.00	      0.00
           -------------------------
 roex3 : ( numerical integration)
 Correction file : elc
 Maximum allowed shift =   0.15

 ' The Boss 800 Hz 77 dB overall elc correction'
